
> songdb@0.1.0 build
> next build

Î“Ă»â–“ Next.js 16.1.6 (Turbopack)
- Environments: .env.local

  Creating an optimized production build ...
Î“ÂŁĂ´ Compiled successfully in 16.0s
  Running TypeScript ...
  Collecting page data using 7 workers ...
  Generating static pages using 7 workers (0/27) ...
  Generating static pages using 7 workers (6/27) 
  Generating static pages using 7 workers (13/27) 
  Generating static pages using 7 workers (20/27) 
Î“ÂŁĂ´ Generating static pages using 7 workers (27/27) in 4.6s
  Finalizing page optimization ...

Route (app)                         Revalidate  Expire
Î“Ă¶Ă® Î“ĂąĂŻ /                                      15m      1y
Î“Ă¶ÂŁ Î“ĂąĂŻ /_not-found
Î“Ă¶ÂŁ â•žĂ† /album/[id]
Î“Ă¶ÂŁ â•žĂ† /api/youtube-music/album
Î“Ă¶ÂŁ â•žĂ† /api/youtube-music/artist
Î“Ă¶ÂŁ â•žĂ† /api/youtube-music/explore
Î“Ă¶ÂŁ â•žĂ† /api/youtube-music/home
Î“Ă¶ÂŁ â•žĂ† /api/youtube-music/lyrics
Î“Ă¶ÂŁ â•žĂ† /api/youtube-music/playlist
Î“Ă¶ÂŁ â•žĂ† /api/youtube-music/related
Î“Ă¶ÂŁ â•žĂ† /api/youtube-music/suggestions
Î“Ă¶ÂŁ â•žĂ† /api/youtube-music/up-next
Î“Ă¶ÂŁ â•žĂ† /api/youtube-search
Î“Ă¶ÂŁ â•žĂ† /api/youtube-stream
Î“Ă¶ÂŁ â•žĂ† /artist/[id]
Î“Ă¶ÂŁ Î“ĂąĂŻ /auth/login
Î“Ă¶ÂŁ Î“ĂąĂŻ /auth/signup
Î“Ă¶ÂŁ Î“ĂąĂŻ /discover                              12h      1y
Î“Ă¶ÂŁ Î“ĂąĂŻ /download
Î“Ă¶ÂŁ Î“ĂąĂŻ /explore                               15m      1y
Î“Ă¶ÂŁ â•žĂ† /genres
Î“Ă¶ÂŁ â•žĂ† /genres/[genre]
Î“Ă¶ÂŁ Î“ĂąĂŻ /library
Î“Ă¶ÂŁ â•žĂ† /playlist/[id]
Î“Ă¶ÂŁ Î“ĂąĂŻ /profile
Î“Ă¶ÂŁ Î“ĂąĂŻ /search
Î“Ă¶ÂŁ â•žĂ† /song/[id]
Î“Ă¶ÂŁ Î“ĂąĂŻ /top-artists                            1d      1y
Î“Ă¶ÂŁ â•žĂ† /top-rated
Î“Ă¶Ă¶ Î“ĂąĂŻ /trending                              12h      1y


Î“ĂąĂŻ  (Static)   prerendered as static content
â•žĂ†  (Dynamic)  server-rendered on demand

